<?xml version="1.0" encoding="UTF-8"?>
<testsuite name="Test" tests="2" skipped="0" failures="0" errors="0" timestamp="2024-09-12T01:46:43" hostname="DESKTOP-EG9M6E4" time="0.007">
  <properties/>
  <testcase name="testNegative" classname="Test" time="0.006"/>
  <testcase name="testLargeNumber" classname="Test" time="0.0"/>
  <system-out><![CDATA[]]></system-out>
  <system-err><![CDATA[]]></system-err>
</testsuite>
