<?xml version="1.0" encoding="UTF-8"?>
<testsuite name="TestNamedArguments" tests="1" skipped="0" failures="0" errors="0" timestamp="2024-09-10T15:14:20" hostname="DESKTOP-EG9M6E4" time="0.032">
  <properties/>
  <testcase name="testJoinToString" classname="TestNamedArguments" time="0.032"/>
  <system-out><![CDATA[]]></system-out>
  <system-err><![CDATA[]]></system-err>
</testsuite>
