<?xml version="1.0" encoding="UTF-8"?>
<testsuite name="Test" tests="1" skipped="0" failures="0" errors="0" timestamp="2024-09-12T01:01:10" hostname="DESKTOP-EG9M6E4" time="0.004">
  <properties/>
  <testcase name="testSolution" classname="Test" time="0.004"/>
  <system-out><![CDATA[]]></system-out>
  <system-err><![CDATA[]]></system-err>
</testsuite>
