<?xml version="1.0" encoding="UTF-8"?>
<testsuite name="TestLambdas" tests="2" skipped="0" failures="0" errors="0" timestamp="2024-09-12T01:51:43" hostname="DESKTOP-EG9M6E4" time="0.021">
  <properties/>
  <testcase name="contains" classname="TestLambdas" time="0.021"/>
  <testcase name="notContains" classname="TestLambdas" time="0.0"/>
  <system-out><![CDATA[]]></system-out>
  <system-err><![CDATA[]]></system-err>
</testsuite>
